#
# A fatal error has been detected by the Java Runtime Environment:
#
#  EXCEPTION_ACCESS_VIOLATION (0xc0000005) at pc=0x00007ff8757e0853, pid=4144, tid=0x0000000000002028
#
# JRE version: Java(TM) SE Runtime Environment (8.0_221-b11) (build 1.8.0_221-b11)
# Java VM: Java HotSpot(TM) 64-Bit Server VM (25.221-b11 mixed mode windows-amd64 compressed oops)
# Problematic frame:
# C  [ntdll.dll+0x40853]
#
# Failed to write core dump. Minidumps are not enabled by default on client versions of Windows
#
# If you would like to submit a bug report, please visit:
#   http://bugreport.java.com/bugreport/crash.jsp
# The crash happened outside the Java Virtual Machine in native code.
# See problematic frame for where to report the bug.
#

---------------  T H R E A D  ---------------

Current thread (0x00000000016ce800):  JavaThread "main" [_thread_in_native, id=8232, stack(0x0000000002f60000,0x0000000003060000)]

siginfo: ExceptionCode=0xc0000005, reading address 0xffffffffffffffff

Registers:
RAX=0x000000001fc06860, RBX=0x00000000016c0000, RCX=0x00000000016c0000, RDX=0x04000000d1500220
RSP=0x0000000003059bc0, RBP=0x00000000016c0000, RSI=0x04000000d1500220, RDI=0x0000000000000000
R8 =0x0000000000000000, R9 =0x0000000000000000, R10=0x0000000000000000, R11=0x000000001fc06860
R12=0x0000000000000000, R13=0x04000000d1500210, R14=0x000000000102ca4d, R15=0x0000000000000000
RIP=0x00007ff8757e0853, EFLAGS=0x0000000000010246

Top of Stack: (sp=0x0000000003059bc0)
0x0000000003059bc0:   000000000102ca74 000000005e5720da
0x0000000003059bd0:   000000000102ca74 0000000000000001
0x0000000003059be0:   0000000000000000 000000001ee51ff0
0x0000000003059bf0:   000000001ee51ff0 00007ff8757dfc11
0x0000000003059c00:   000000001ee52000 00000000016c0000
0x0000000003059c10:   ffffffffffffffe0 0000000000000000
0x0000000003059c20:   0000000000000000 000000001ee51ff0
0x0000000003059c30:   000000001fc06040 000000005e5b8d94
0x0000000003059c40:   000000000102ca4d 000000000102ca4d
0x0000000003059c50:   0000000000000000 0000000000000800
0x0000000003059c60:   04000000d1500220 00007ff8757dfc11
0x0000000003059c70:   000000001ee52000 00000000016c0000
0x0000000003059c80:   000000001fc06060 0000000000000000
0x0000000003059c90:   0000000000000000 0000000000000837
0x0000000003059ca0:   000000000102ca4d 000000005e5b8d94
0x0000000003059cb0:   000000001ecdf020 0000000020c32aad 

Instructions: (pc=0x00007ff8757e0853)
0x00007ff8757e0833:   3c 24 48 8b cd e8 43 f4 ff ff 85 c0 0f 84 8c fc
0x00007ff8757e0843:   ff ff e9 6e 5c 06 00 4c 8d 6a f0 41 0f 0d 4d 00
0x00007ff8757e0853:   41 80 7d 0f 05 75 0c 41 0f b6 45 0e 48 c1 e0 04
0x00007ff8757e0863:   4c 2b e8 41 f6 45 0f 3f 0f 85 6e ff ff ff 45 33 


Register to memory mapping:

RAX=0x000000001fc06860 is an unknown value
RBX=0x00000000016c0000 is an unknown value
RCX=0x00000000016c0000 is an unknown value
RDX=0x04000000d1500220 is an unknown value
RSP=0x0000000003059bc0 is pointing into the stack for thread: 0x00000000016ce800
RBP=0x00000000016c0000 is an unknown value
RSI=0x04000000d1500220 is an unknown value
RDI=0x0000000000000000 is an unknown value
R8 =0x0000000000000000 is an unknown value
R9 =0x0000000000000000 is an unknown value
R10=0x0000000000000000 is an unknown value
R11=0x000000001fc06860 is an unknown value
R12=0x0000000000000000 is an unknown value
R13=0x04000000d1500210 is an unknown value
R14=0x000000000102ca4d is an unknown value
R15=0x0000000000000000 is an unknown value


Stack: [0x0000000002f60000,0x0000000003060000],  sp=0x0000000003059bc0,  free space=998k
Native frames: (J=compiled Java code, j=interpreted, Vv=VM code, C=native code)
C  [ntdll.dll+0x40853]
C  [ntdll.dll+0x3fc11]
C  [msvcr100.dll+0x68d94]
C  [msvcr100.dll+0x69092]
C  [acrcloud_extr_tool.dll+0x219c9]
C  [acrcloud_extr_tool.dll+0x19a96]
C  [acrcloud_extr_tool.dll+0x19ca9]
C  [acrcloud_extr_tool.dll+0x1b5a]
C  [acrcloud_extr_tool.dll+0x6820]
C  0x0000000003418c67

Java frames: (J=compiled Java code, j=interpreted, Vv=VM code)
j  com.acrcloud.utils.ACRCloudExtrTool.native_get_duration_ms_by_filebuffer([BI)I+0
j  com.acrcloud.utils.ACRCloudExtrTool.getDurationMSByFileBuffer([BI)I+18
j  com.acrcloud.utils.ACRCloudRecognizer.getFileDurationMS([BI)I+2
j  com.acrcloud.demo.Test.main([Ljava/lang/String;)V+316
v  ~StubRoutines::call_stub

---------------  P R O C E S S  ---------------

Java Threads: ( => current thread )
  0x000000001ed83800 JavaThread "Service Thread" daemon [_thread_blocked, id=11588, stack(0x000000001fa00000,0x000000001fb00000)]
  0x000000001ecfa000 JavaThread "C1 CompilerThread3" daemon [_thread_blocked, id=10224, stack(0x000000001f900000,0x000000001fa00000)]
  0x000000001ece2000 JavaThread "C2 CompilerThread2" daemon [_thread_blocked, id=17156, stack(0x000000001f800000,0x000000001f900000)]
  0x000000001ecde800 JavaThread "C2 CompilerThread1" daemon [_thread_blocked, id=10280, stack(0x000000001f700000,0x000000001f800000)]
  0x000000001ecdd800 JavaThread "C2 CompilerThread0" daemon [_thread_blocked, id=16212, stack(0x000000001f600000,0x000000001f700000)]
  0x000000001ec87000 JavaThread "Monitor Ctrl-Break" daemon [_thread_in_native, id=19040, stack(0x000000001f500000,0x000000001f600000)]
  0x000000001ec34000 JavaThread "Attach Listener" daemon [_thread_blocked, id=18440, stack(0x000000001f400000,0x000000001f500000)]
  0x000000001ec33000 JavaThread "Signal Dispatcher" daemon [_thread_blocked, id=1604, stack(0x000000001f300000,0x000000001f400000)]
  0x000000001ec21800 JavaThread "Finalizer" daemon [_thread_blocked, id=12404, stack(0x000000001f100000,0x000000001f200000)]
  0x000000001ec20800 JavaThread "Reference Handler" daemon [_thread_blocked, id=6228, stack(0x000000001f000000,0x000000001f100000)]
=>0x00000000016ce800 JavaThread "main" [_thread_in_native, id=8232, stack(0x0000000002f60000,0x0000000003060000)]

Other Threads:
  0x000000001ce19800 VMThread [stack: 0x000000001eb00000,0x000000001ec00000] [id=8204]
  0x000000001ed94000 WatcherThread [stack: 0x000000001fb00000,0x000000001fc00000] [id=10368]

VM state:not at safepoint (normal execution)

VM Mutex/Monitor currently owned by a thread: None

heap address: 0x00000006c1c00000, size: 4068 MB, Compressed Oops mode: Zero based, Oop shift amount: 3
Narrow klass base: 0x0000000000000000, Narrow klass shift: 3
Compressed class space size: 1073741824 Address: 0x00000007c0000000

Heap:
 PSYoungGen      total 76288K, used 23128K [0x000000076b400000, 0x0000000770900000, 0x00000007c0000000)
  eden space 65536K, 35% used [0x000000076b400000,0x000000076ca96190,0x000000076f400000)
  from space 10752K, 0% used [0x000000076fe80000,0x000000076fe80000,0x0000000770900000)
  to   space 10752K, 0% used [0x000000076f400000,0x000000076f400000,0x000000076fe80000)
 ParOldGen       total 175104K, used 0K [0x00000006c1c00000, 0x00000006cc700000, 0x000000076b400000)
  object space 175104K, 0% used [0x00000006c1c00000,0x00000006c1c00000,0x00000006cc700000)
 Metaspace       used 3682K, capacity 4606K, committed 4864K, reserved 1056768K
  class space    used 406K, capacity 430K, committed 512K, reserved 1048576K

Card table byte_map: [0x00000000127c0000,0x0000000012fc0000] byte_map_base: 0x000000000f1b2000

Marking Bits: (ParMarkBitMap*) 0x000000005e4c5ce0
 Begin Bits: [0x0000000013d10000, 0x0000000017ca0000)
 End Bits:   [0x0000000017ca0000, 0x000000001bc30000)

Polling page: 0x0000000001750000

CodeCache: size=245760Kb used=1355Kb max_used=1355Kb free=244404Kb
 bounds [0x0000000003400000, 0x0000000003670000, 0x0000000012400000]
 total_blobs=351 nmethods=87 adapters=177
 compilation: enabled

Compilation events (10 events):
Event: 0.094 Thread 0x000000001ecfa000   32       3       java.lang.String::getChars (62 bytes)
Event: 0.094 Thread 0x000000001ecfa000 nmethod 32 0x000000000351b2d0 code [0x000000000351b480, 0x000000000351b8b8]
Event: 0.096 Thread 0x000000001ecfa000   37  s!   3       sun.misc.URLClassPath::getLoader (243 bytes)
Event: 0.098 Thread 0x000000001ecfa000 nmethod 37 0x000000000351de90 code [0x000000000351e2c0, 0x0000000003520fb8]
Event: 0.098 Thread 0x000000001ecfa000   36  s    3       sun.misc.URLClassPath::getNextLoader (88 bytes)
Event: 0.098 Thread 0x000000001ecfa000 nmethod 36 0x000000000351cfd0 code [0x000000000351d1a0, 0x000000000351da28]
Event: 0.112 Thread 0x000000001ecfa000   38       1       java.nio.Buffer::position (5 bytes)
Event: 0.112 Thread 0x000000001ecfa000 nmethod 38 0x000000000351b010 code [0x000000000351b160, 0x000000000351b270]
Event: 0.112 Thread 0x000000001ecfa000   39       3       java.io.WinNTFileSystem::normalize (143 bytes)
Event: 0.113 Thread 0x000000001ecfa000 nmethod 39 0x0000000003522b50 code [0x0000000003522d40, 0x0000000003523568]

GC Heap History (0 events):
No events

Deoptimization events (0 events):
No events

Classes redefined (0 events):
No events

Internal exceptions (2 events):
Event: 0.030 Thread 0x00000000016ce800 Exception <a 'java/lang/NoSuchMethodError': Method sun.misc.Unsafe.defineClass(Ljava/lang/String;[BII)Ljava/lang/Class; name or signature does not match> (0x000000076b407cb8) thrown at [C:\re\workspace\8-2-build-windows-amd64-cygwin\jdk8u221\13320\hotspot
Event: 0.031 Thread 0x00000000016ce800 Exception <a 'java/lang/NoSuchMethodError': Method sun.misc.Unsafe.prefetchRead(Ljava/lang/Object;J)V name or signature does not match> (0x000000076b407fa0) thrown at [C:\re\workspace\8-2-build-windows-amd64-cygwin\jdk8u221\13320\hotspot\src\share\vm\prim

Events (10 events):
Event: 0.094 loading class sun/nio/cs/US_ASCII$Decoder
Event: 0.095 loading class sun/nio/cs/US_ASCII$Decoder done
Event: 0.096 loading class com/acrcloud/utils/ACRCloudRecognizer
Event: 0.096 loading class com/acrcloud/utils/ACRCloudRecognizer done
Event: 0.097 loading class java/security/Key
Event: 0.097 loading class java/security/Key done
Event: 0.112 loading class com/acrcloud/utils/ACRCloudExtrTool
Event: 0.112 loading class com/acrcloud/utils/ACRCloudExtrTool done
Event: 0.112 loading class java/lang/ClassLoaderHelper
Event: 0.112 loading class java/lang/ClassLoaderHelper done


Dynamic libraries:
0x00007ff7fe9c0000 - 0x00007ff7fe9f7000 	C:\Program Files\Java\jdk1.8.0_221\bin\java.exe
0x00007ff8757a0000 - 0x00007ff875990000 	C:\WINDOWS\SYSTEM32\ntdll.dll
0x00007ff875130000 - 0x00007ff8751e2000 	C:\WINDOWS\System32\KERNEL32.DLL
0x00007ff873130000 - 0x00007ff8733d3000 	C:\WINDOWS\System32\KERNELBASE.dll
0x000000005eb20000 - 0x000000005ebb5000 	C:\WINDOWS\System32\SYSFER.DLL
0x00007ff873850000 - 0x00007ff8738f3000 	C:\WINDOWS\System32\ADVAPI32.dll
0x00007ff873ca0000 - 0x00007ff873d3e000 	C:\WINDOWS\System32\msvcrt.dll
0x00007ff8752d0000 - 0x00007ff875367000 	C:\WINDOWS\System32\sechost.dll
0x00007ff875420000 - 0x00007ff875540000 	C:\WINDOWS\System32\RPCRT4.dll
0x00007ff873aa0000 - 0x00007ff873c34000 	C:\WINDOWS\System32\USER32.dll
0x00007ff873750000 - 0x00007ff873771000 	C:\WINDOWS\System32\win32u.dll
0x00007ff873dd0000 - 0x00007ff873df6000 	C:\WINDOWS\System32\GDI32.dll
0x00007ff8733e0000 - 0x00007ff873574000 	C:\WINDOWS\System32\gdi32full.dll
0x00007ff873780000 - 0x00007ff87381e000 	C:\WINDOWS\System32\msvcp_win.dll
0x00007ff872850000 - 0x00007ff87294a000 	C:\WINDOWS\System32\ucrtbase.dll
0x00007ff85a8f0000 - 0x00007ff85ab75000 	C:\WINDOWS\WinSxS\amd64_microsoft.windows.common-controls_6595b64144ccf1df_6.0.18362.720_none_e6beb5c51314836b\COMCTL32.dll
0x00007ff874660000 - 0x00007ff874996000 	C:\WINDOWS\System32\combase.dll
0x00007ff8736d0000 - 0x00007ff873750000 	C:\WINDOWS\System32\bcryptPrimitives.dll
0x00007ff8741c0000 - 0x00007ff8741ee000 	C:\WINDOWS\System32\IMM32.DLL
0x00000000016f0000 - 0x0000000001702000 	C:\WINDOWS\System32\umppc10904.dll
0x000000005e550000 - 0x000000005e622000 	C:\Program Files\Java\jdk1.8.0_221\jre\bin\msvcr100.dll
0x000000005dca0000 - 0x000000005e545000 	C:\Program Files\Java\jdk1.8.0_221\jre\bin\server\jvm.dll
0x00007ff873dc0000 - 0x00007ff873dc8000 	C:\WINDOWS\System32\PSAPI.DLL
0x00007ff852010000 - 0x00007ff852019000 	C:\WINDOWS\SYSTEM32\WSOCK32.dll
0x00007ff874150000 - 0x00007ff8741bf000 	C:\WINDOWS\System32\WS2_32.dll
0x00007ff86fd10000 - 0x00007ff86fd34000 	C:\WINDOWS\SYSTEM32\WINMM.dll
0x00007ff86c8a0000 - 0x00007ff86c8aa000 	C:\WINDOWS\SYSTEM32\VERSION.dll
0x00007ff86fce0000 - 0x00007ff86fd0d000 	C:\WINDOWS\SYSTEM32\WINMMBASE.dll
0x00007ff872800000 - 0x00007ff87284a000 	C:\WINDOWS\System32\cfgmgr32.dll
0x00007ff86e1d0000 - 0x00007ff86e1df000 	C:\Program Files\Java\jdk1.8.0_221\jre\bin\verify.dll
0x00007ff8602c0000 - 0x00007ff8602e9000 	C:\Program Files\Java\jdk1.8.0_221\jre\bin\java.dll
0x00007ff85a370000 - 0x00007ff85a393000 	C:\Program Files\Java\jdk1.8.0_221\jre\bin\instrument.dll
0x00007ff86dc60000 - 0x00007ff86dc76000 	C:\Program Files\Java\jdk1.8.0_221\jre\bin\zip.dll
0x00007ff874a40000 - 0x00007ff875125000 	C:\WINDOWS\System32\SHELL32.dll
0x00007ff875370000 - 0x00007ff875419000 	C:\WINDOWS\System32\shcore.dll
0x00007ff8729b0000 - 0x00007ff873130000 	C:\WINDOWS\System32\windows.storage.dll
0x00007ff8726e0000 - 0x00007ff872703000 	C:\WINDOWS\System32\profapi.dll
0x00007ff872670000 - 0x00007ff8726ba000 	C:\WINDOWS\System32\powrprof.dll
0x00007ff872660000 - 0x00007ff872670000 	C:\WINDOWS\System32\UMPDC.dll
0x00007ff873f70000 - 0x00007ff873fc2000 	C:\WINDOWS\System32\shlwapi.dll
0x00007ff8726c0000 - 0x00007ff8726d1000 	C:\WINDOWS\System32\kernel.appcore.dll
0x00007ff872730000 - 0x00007ff872747000 	C:\WINDOWS\System32\cryptsp.dll
0x00007ff85a3f0000 - 0x00007ff85a40a000 	C:\Program Files\JetBrains\IntelliJ IDEA Community Edition 2020.1\bin\breakgen64.dll
0x00007ff85a350000 - 0x00007ff85a36a000 	C:\Program Files\Java\jdk1.8.0_221\jre\bin\net.dll
0x00007ff85ed80000 - 0x00007ff85ef55000 	C:\WINDOWS\SYSTEM32\urlmon.dll
0x00007ff85f2d0000 - 0x00007ff85f576000 	C:\WINDOWS\SYSTEM32\iertutil.dll
0x00007ff8720a0000 - 0x00007ff8720ac000 	C:\WINDOWS\SYSTEM32\CRYPTBASE.DLL
0x00007ff871e70000 - 0x00007ff871ed7000 	C:\WINDOWS\system32\mswsock.dll
0x00007ffff5320000 - 0x00007ffff631e000 	C:\Users\10660893\Downloads\acrcloud_sdk_java-master\acrcloud_sdk_java-master\windows\win64\libs-so\acrcloud_extr_tool.dll
0x00007ff870ef0000 - 0x00007ff8710e4000 	C:\WINDOWS\SYSTEM32\dbghelp.dll

VM Arguments:
jvm_args: -Djava.library.path=C:\Users\10660893\Downloads\acrcloud_sdk_java-master\acrcloud_sdk_java-master\windows\win64\libs-so -javaagent:C:\Program Files\JetBrains\IntelliJ IDEA Community Edition 2020.1\lib\idea_rt.jar=53156:C:\Program Files\JetBrains\IntelliJ IDEA Community Edition 2020.1\bin -Dfile.encoding=UTF-8 
java_command: com.acrcloud.demo.Test
java_class_path (initial): C:\Program Files\Java\jdk1.8.0_221\jre\lib\charsets.jar;C:\Program Files\Java\jdk1.8.0_221\jre\lib\deploy.jar;C:\Program Files\Java\jdk1.8.0_221\jre\lib\ext\access-bridge-64.jar;C:\Program Files\Java\jdk1.8.0_221\jre\lib\ext\cldrdata.jar;C:\Program Files\Java\jdk1.8.0_221\jre\lib\ext\dnsns.jar;C:\Program Files\Java\jdk1.8.0_221\jre\lib\ext\jaccess.jar;C:\Program Files\Java\jdk1.8.0_221\jre\lib\ext\jfxrt.jar;C:\Program Files\Java\jdk1.8.0_221\jre\lib\ext\localedata.jar;C:\Program Files\Java\jdk1.8.0_221\jre\lib\ext\nashorn.jar;C:\Program Files\Java\jdk1.8.0_221\jre\lib\ext\sunec.jar;C:\Program Files\Java\jdk1.8.0_221\jre\lib\ext\sunjce_provider.jar;C:\Program Files\Java\jdk1.8.0_221\jre\lib\ext\sunmscapi.jar;C:\Program Files\Java\jdk1.8.0_221\jre\lib\ext\sunpkcs11.jar;C:\Program Files\Java\jdk1.8.0_221\jre\lib\ext\zipfs.jar;C:\Program Files\Java\jdk1.8.0_221\jre\lib\javaws.jar;C:\Program Files\Java\jdk1.8.0_221\jre\lib\jce.jar;C:\Program Files\Java\jdk1.8.0_221\jre\lib\jfr.jar;C:\Program Files\Java\jdk1.8.0_221\jre\lib\jfxswt.jar;C:\Program Files\Java\jdk1.8.0_221\jre\lib\jsse.jar;C:\Program Files\Java\jdk1.8.0_221\jre\lib\management-agent.jar;C:\Program Files\Java\jdk1.8.0_221\jre\lib\plugin.jar;C:\Program Files\Java\jdk1.8.0_221\jre\lib\resources.jar;C:\Program Files\Java\jdk1.8.0_221\jre\lib\rt.jar;C:\Users\10660893\Documents\YTCM_Projects\ACRCloudSDKJavaDemo\out\production\ACRCloudSDKJavaDemo;C:\Users\10660893\Downloads\commons-codec-1.14.jar;C:\Users\10660893\Downloads\json-simple-1.1.1.jar;C:\Users\10660893\Downloads\gson-2.3.1.jar;C:\Program Files\JetBrains\IntelliJ IDEA Community Edition 2020.1\lib\idea_rt.jar
Launcher Type: SUN_STANDARD

Environment Variables:
PATH=C:\Program Files (x86)\Common Files\Oracle\Java\javapath;C:\Program Files\Common Files\Microsoft Shared\Microsoft Online Services;C:\Program Files (x86)\Common Files\Microsoft Shared\Microsoft Online Services;C:\WINDOWS\system32;C:\WINDOWS;C:\WINDOWS\System32\Wbem;C:\WINDOWS\System32\WindowsPowerShell\v1.0\;C:\WINDOWS\System32\OpenSSH\;C:\Program Files\TortoiseSVN\bin;C:\Program Files (x86)\Sennheiser\SoftphoneSDK\;C:\Program Files\Git\cmd;C:\Program Files\nodejs\;C:\Users\10660893\AppData\Local\Microsoft\WindowsApps;C:\Users\10660893\AppData\Local\GitHubDesktop\bin;C:\Users\10660893\ACRTool;;C:\Users\10660893\AppData\Local\Programs\Microsoft VS Code\bin
USERNAME=10660893
OS=Windows_NT
PROCESSOR_IDENTIFIER=Intel64 Family 6 Model 142 Stepping 12, GenuineIntel



---------------  S Y S T E M  ---------------

OS: Windows 10.0 , 64 bit Build 18362 (10.0.18362.329)

CPU:total 8 (initial active 8) (4 cores per cpu, 2 threads per core) family 6 model 142 stepping 12, cmov, cx8, fxsr, mmx, sse, sse2, sse3, ssse3, sse4.1, sse4.2, popcnt, avx, avx2, aes, clmul, erms, 3dnowpref, lzcnt, ht, tsc, tscinvbit, bmi1, bmi2, adx

Memory: 4k page, physical 16660612k(9275556k free), swap 19150980k(10514156k free)

vm_info: Java HotSpot(TM) 64-Bit Server VM (25.221-b11) for windows-amd64 JRE (1.8.0_221-b11), built on Jul  4 2019 04:39:29 by "java_re" with MS VC++ 10.0 (VS2010)

time: Sat May 30 22:46:23 2020
timezone: India Standard Time
elapsed time: 5 seconds (0d 0h 0m 5s)

