#
# A fatal error has been detected by the Java Runtime Environment:
#
#  EXCEPTION_ACCESS_VIOLATION (0xc0000005) at pc=0x00007ff8757e0853, pid=12668, tid=0x00000000000013c4
#
# JRE version: Java(TM) SE Runtime Environment (8.0_221-b11) (build 1.8.0_221-b11)
# Java VM: Java HotSpot(TM) 64-Bit Server VM (25.221-b11 mixed mode windows-amd64 compressed oops)
# Problematic frame:
# C  [ntdll.dll+0x40853]
#
# Failed to write core dump. Minidumps are not enabled by default on client versions of Windows
#
# If you would like to submit a bug report, please visit:
#   http://bugreport.java.com/bugreport/crash.jsp
# The crash happened outside the Java Virtual Machine in native code.
# See problematic frame for where to report the bug.
#

---------------  T H R E A D  ---------------

Current thread (0x000000000317e800):  JavaThread "main" [_thread_in_native, id=5060, stack(0x0000000003020000,0x0000000003120000)]

siginfo: ExceptionCode=0xc0000005, reading address 0xffffffffffffffff

Registers:
RAX=0x00000000200c8060, RBX=0x0000000003170000, RCX=0x0000000003170000, RDX=0x040000003ad58bb0
RSP=0x0000000003119de0, RBP=0x0000000003170000, RSI=0x040000003ad58bb0, RDI=0x0000000000000000
R8 =0x0000000000000000, R9 =0x0000000000000000, R10=0xdd1070202e0c0aa6, R11=0x00000000200c8060
R12=0x0000000000000000, R13=0x040000003ad58ba0, R14=0x000000000016e66a, R15=0x0000000000000000
RIP=0x00007ff8757e0853, EFLAGS=0x0000000000010246

Top of Stack: (sp=0x0000000003119de0)
0x0000000003119de0:   000000000016e691 000000005e5720da
0x0000000003119df0:   000000000016e691 0000000000000001
0x0000000003119e00:   0000000000000000 000000001fcce040
0x0000000003119e10:   000000001fcce040 00007ff8757dfc11
0x0000000003119e20:   000000001fcce060 0000000003170000
0x0000000003119e30:   ffffffffffffffe0 0000000000000000
0x0000000003119e40:   0000000000000000 000000001fcce040
0x0000000003119e50:   000000001ffc8040 000000005e5b8d94
0x0000000003119e60:   000000000016e66a 000000000016e66a
0x0000000003119e70:   0000000000000000 0000000000100000
0x0000000003119e80:   040000003ad58bb0 00007ff8757dfc11
0x0000000003119e90:   000000001fcce060 0000000003170000
0x0000000003119ea0:   000000001ffc8060 0000000000000000
0x0000000003119eb0:   0000000000000000 0000000000100027
0x0000000003119ec0:   000000000016e66a 000000005e5b8d94
0x0000000003119ed0:   000000001ed9b5c0 00000000201366ca 

Instructions: (pc=0x00007ff8757e0853)
0x00007ff8757e0833:   3c 24 48 8b cd e8 43 f4 ff ff 85 c0 0f 84 8c fc
0x00007ff8757e0843:   ff ff e9 6e 5c 06 00 4c 8d 6a f0 41 0f 0d 4d 00
0x00007ff8757e0853:   41 80 7d 0f 05 75 0c 41 0f b6 45 0e 48 c1 e0 04
0x00007ff8757e0863:   4c 2b e8 41 f6 45 0f 3f 0f 85 6e ff ff ff 45 33 


Register to memory mapping:

RAX=0x00000000200c8060 is an unknown value
RBX=0x0000000003170000 is an unknown value
RCX=0x0000000003170000 is an unknown value
RDX=0x040000003ad58bb0 is an unknown value
RSP=0x0000000003119de0 is pointing into the stack for thread: 0x000000000317e800
RBP=0x0000000003170000 is an unknown value
RSI=0x040000003ad58bb0 is an unknown value
RDI=0x0000000000000000 is an unknown value
R8 =0x0000000000000000 is an unknown value
R9 =0x0000000000000000 is an unknown value
R10=0xdd1070202e0c0aa6 is an unknown value
R11=0x00000000200c8060 is an unknown value
R12=0x0000000000000000 is an unknown value
R13=0x040000003ad58ba0 is an unknown value
R14=0x000000000016e66a is an unknown value
R15=0x0000000000000000 is an unknown value


Stack: [0x0000000003020000,0x0000000003120000],  sp=0x0000000003119de0,  free space=999k
Native frames: (J=compiled Java code, j=interpreted, Vv=VM code, C=native code)
C  [ntdll.dll+0x40853]
C  [ntdll.dll+0x3fc11]
C  [msvcr100.dll+0x68d94]
C  [msvcr100.dll+0x69092]
C  [acrcloud_extr_tool.dll+0x219c9]
C  [acrcloud_extr_tool.dll+0x19a96]
C  [acrcloud_extr_tool.dll+0x19ca9]
C  [acrcloud_extr_tool.dll+0x1b5a]
C  [acrcloud_extr_tool.dll+0x6820]
C  0x00000000034c8c67

Java frames: (J=compiled Java code, j=interpreted, Vv=VM code)
j  com.acrcloud.utils.ACRCloudExtrTool.native_get_duration_ms_by_filebuffer([BI)I+0
j  com.acrcloud.utils.ACRCloudExtrTool.getDurationMSByFileBuffer([BI)I+18
j  com.acrcloud.utils.ACRCloudRecognizer.getFileDurationMS([BI)I+2
j  com.acrcloud.demo.Test.main([Ljava/lang/String;)V+316
v  ~StubRoutines::call_stub

---------------  P R O C E S S  ---------------

Java Threads: ( => current thread )
  0x000000001ee40000 JavaThread "Service Thread" daemon [_thread_blocked, id=2480, stack(0x000000001fac0000,0x000000001fbc0000)]
  0x000000001edc4000 JavaThread "C1 CompilerThread3" daemon [_thread_blocked, id=3104, stack(0x000000001f9c0000,0x000000001fac0000)]
  0x000000001eda8000 JavaThread "C2 CompilerThread2" daemon [_thread_blocked, id=4320, stack(0x000000001f8c0000,0x000000001f9c0000)]
  0x000000001ed9a800 JavaThread "C2 CompilerThread1" daemon [_thread_blocked, id=16312, stack(0x000000001f7c0000,0x000000001f8c0000)]
  0x000000001ed99800 JavaThread "C2 CompilerThread0" daemon [_thread_blocked, id=2792, stack(0x000000001f6c0000,0x000000001f7c0000)]
  0x000000001ed3b800 JavaThread "Monitor Ctrl-Break" daemon [_thread_in_native, id=17960, stack(0x000000001f5c0000,0x000000001f6c0000)]
  0x000000001ecf1800 JavaThread "Attach Listener" daemon [_thread_blocked, id=8648, stack(0x000000001f4c0000,0x000000001f5c0000)]
  0x000000001cede800 JavaThread "Signal Dispatcher" daemon [_thread_blocked, id=18696, stack(0x000000001f3c0000,0x000000001f4c0000)]
  0x00000000034a8000 JavaThread "Finalizer" daemon [_thread_blocked, id=7304, stack(0x000000001f1c0000,0x000000001f2c0000)]
  0x000000001ece0800 JavaThread "Reference Handler" daemon [_thread_blocked, id=19136, stack(0x000000001f0c0000,0x000000001f1c0000)]
=>0x000000000317e800 JavaThread "main" [_thread_in_native, id=5060, stack(0x0000000003020000,0x0000000003120000)]

Other Threads:
  0x000000001cec9800 VMThread [stack: 0x000000001ebc0000,0x000000001ecc0000] [id=14528]
  0x000000001ee14000 WatcherThread [stack: 0x000000001fbc0000,0x000000001fcc0000] [id=15304]

VM state:not at safepoint (normal execution)

VM Mutex/Monitor currently owned by a thread: None

heap address: 0x00000006c1c00000, size: 4068 MB, Compressed Oops mode: Zero based, Oop shift amount: 3
Narrow klass base: 0x0000000000000000, Narrow klass shift: 3
Compressed class space size: 1073741824 Address: 0x00000007c0000000

Heap:
 PSYoungGen      total 76288K, used 8031K [0x000000076b400000, 0x0000000770900000, 0x00000007c0000000)
  eden space 65536K, 12% used [0x000000076b400000,0x000000076bbd7dc0,0x000000076f400000)
  from space 10752K, 0% used [0x000000076fe80000,0x000000076fe80000,0x0000000770900000)
  to   space 10752K, 0% used [0x000000076f400000,0x000000076f400000,0x000000076fe80000)
 ParOldGen       total 175104K, used 0K [0x00000006c1c00000, 0x00000006cc700000, 0x000000076b400000)
  object space 175104K, 0% used [0x00000006c1c00000,0x00000006c1c00000,0x00000006cc700000)
 Metaspace       used 3683K, capacity 4606K, committed 4864K, reserved 1056768K
  class space    used 406K, capacity 430K, committed 512K, reserved 1048576K

Card table byte_map: [0x0000000012870000,0x0000000013070000] byte_map_base: 0x000000000f262000

Marking Bits: (ParMarkBitMap*) 0x000000005e4c5ce0
 Begin Bits: [0x0000000013dc0000, 0x0000000017d50000)
 End Bits:   [0x0000000017d50000, 0x000000001bce0000)

Polling page: 0x0000000001300000

CodeCache: size=245760Kb used=1354Kb max_used=1354Kb free=244405Kb
 bounds [0x00000000034b0000, 0x0000000003720000, 0x00000000124b0000]
 total_blobs=350 nmethods=86 adapters=177
 compilation: enabled

Compilation events (10 events):
Event: 0.138 Thread 0x000000001ed99800 nmethod 23 0x00000000035c93d0 code [0x00000000035c9520, 0x00000000035c9868]
Event: 0.138 Thread 0x000000001edc4000 nmethod 30 0x00000000035c9f50 code [0x00000000035ca140, 0x00000000035caac8]
Event: 0.140 Thread 0x000000001edc4000   36  s!   3       sun.misc.URLClassPath::getLoader (243 bytes)
Event: 0.142 Thread 0x000000001edc4000 nmethod 36 0x00000000035ce1d0 code [0x00000000035ce600, 0x00000000035d12f8]
Event: 0.142 Thread 0x000000001edc4000   35  s    3       sun.misc.URLClassPath::getNextLoader (88 bytes)
Event: 0.143 Thread 0x000000001edc4000 nmethod 35 0x00000000035cd310 code [0x00000000035cd4e0, 0x00000000035cdd68]
Event: 0.143 Thread 0x000000001edc4000   37       1       java.nio.Buffer::position (5 bytes)
Event: 0.143 Thread 0x000000001edc4000 nmethod 37 0x00000000035c9a50 code [0x00000000035c9ba0, 0x00000000035c9cb0]
Event: 0.144 Thread 0x000000001edc4000   38       3       java.io.WinNTFileSystem::normalize (143 bytes)
Event: 0.144 Thread 0x000000001edc4000 nmethod 38 0x00000000035d2e90 code [0x00000000035d3080, 0x00000000035d38a8]

GC Heap History (0 events):
No events

Deoptimization events (0 events):
No events

Classes redefined (0 events):
No events

Internal exceptions (2 events):
Event: 0.035 Thread 0x000000000317e800 Exception <a 'java/lang/NoSuchMethodError': Method sun.misc.Unsafe.defineClass(Ljava/lang/String;[BII)Ljava/lang/Class; name or signature does not match> (0x000000076b407cb8) thrown at [C:\re\workspace\8-2-build-windows-amd64-cygwin\jdk8u221\13320\hotspot
Event: 0.035 Thread 0x000000000317e800 Exception <a 'java/lang/NoSuchMethodError': Method sun.misc.Unsafe.prefetchRead(Ljava/lang/Object;J)V name or signature does not match> (0x000000076b407fa0) thrown at [C:\re\workspace\8-2-build-windows-amd64-cygwin\jdk8u221\13320\hotspot\src\share\vm\prim

Events (10 events):
Event: 0.139 loading class sun/nio/cs/US_ASCII$Decoder
Event: 0.139 loading class sun/nio/cs/US_ASCII$Decoder done
Event: 0.140 loading class com/acrcloud/utils/ACRCloudRecognizer
Event: 0.140 loading class com/acrcloud/utils/ACRCloudRecognizer done
Event: 0.141 loading class java/security/Key
Event: 0.141 loading class java/security/Key done
Event: 0.143 loading class com/acrcloud/utils/ACRCloudExtrTool
Event: 0.143 loading class com/acrcloud/utils/ACRCloudExtrTool done
Event: 0.144 loading class java/lang/ClassLoaderHelper
Event: 0.144 loading class java/lang/ClassLoaderHelper done


Dynamic libraries:
0x00007ff7fe9c0000 - 0x00007ff7fe9f7000 	C:\Program Files\Java\jdk1.8.0_221\bin\java.exe
0x00007ff8757a0000 - 0x00007ff875990000 	C:\WINDOWS\SYSTEM32\ntdll.dll
0x00007ff875130000 - 0x00007ff8751e2000 	C:\WINDOWS\System32\KERNEL32.DLL
0x00007ff873130000 - 0x00007ff8733d3000 	C:\WINDOWS\System32\KERNELBASE.dll
0x000000005eb20000 - 0x000000005ebb5000 	C:\WINDOWS\System32\SYSFER.DLL
0x00007ff873850000 - 0x00007ff8738f3000 	C:\WINDOWS\System32\ADVAPI32.dll
0x00007ff873ca0000 - 0x00007ff873d3e000 	C:\WINDOWS\System32\msvcrt.dll
0x00007ff8752d0000 - 0x00007ff875367000 	C:\WINDOWS\System32\sechost.dll
0x00007ff875420000 - 0x00007ff875540000 	C:\WINDOWS\System32\RPCRT4.dll
0x00007ff873aa0000 - 0x00007ff873c34000 	C:\WINDOWS\System32\USER32.dll
0x00007ff873750000 - 0x00007ff873771000 	C:\WINDOWS\System32\win32u.dll
0x00007ff873dd0000 - 0x00007ff873df6000 	C:\WINDOWS\System32\GDI32.dll
0x00007ff8733e0000 - 0x00007ff873574000 	C:\WINDOWS\System32\gdi32full.dll
0x00007ff873780000 - 0x00007ff87381e000 	C:\WINDOWS\System32\msvcp_win.dll
0x00007ff872850000 - 0x00007ff87294a000 	C:\WINDOWS\System32\ucrtbase.dll
0x00007ff85a8f0000 - 0x00007ff85ab75000 	C:\WINDOWS\WinSxS\amd64_microsoft.windows.common-controls_6595b64144ccf1df_6.0.18362.720_none_e6beb5c51314836b\COMCTL32.dll
0x00007ff874660000 - 0x00007ff874996000 	C:\WINDOWS\System32\combase.dll
0x00007ff8736d0000 - 0x00007ff873750000 	C:\WINDOWS\System32\bcryptPrimitives.dll
0x00007ff8741c0000 - 0x00007ff8741ee000 	C:\WINDOWS\System32\IMM32.DLL
0x0000000001730000 - 0x0000000001742000 	C:\WINDOWS\System32\umppc10904.dll
0x000000005e550000 - 0x000000005e622000 	C:\Program Files\Java\jdk1.8.0_221\jre\bin\msvcr100.dll
0x000000005dca0000 - 0x000000005e545000 	C:\Program Files\Java\jdk1.8.0_221\jre\bin\server\jvm.dll
0x00007ff873dc0000 - 0x00007ff873dc8000 	C:\WINDOWS\System32\PSAPI.DLL
0x00007ff852010000 - 0x00007ff852019000 	C:\WINDOWS\SYSTEM32\WSOCK32.dll
0x00007ff874150000 - 0x00007ff8741bf000 	C:\WINDOWS\System32\WS2_32.dll
0x00007ff86fd10000 - 0x00007ff86fd34000 	C:\WINDOWS\SYSTEM32\WINMM.dll
0x00007ff86c8a0000 - 0x00007ff86c8aa000 	C:\WINDOWS\SYSTEM32\VERSION.dll
0x00007ff86fce0000 - 0x00007ff86fd0d000 	C:\WINDOWS\SYSTEM32\WINMMBASE.dll
0x00007ff872800000 - 0x00007ff87284a000 	C:\WINDOWS\System32\cfgmgr32.dll
0x00007ff86e280000 - 0x00007ff86e28f000 	C:\Program Files\Java\jdk1.8.0_221\jre\bin\verify.dll
0x00007ff8602c0000 - 0x00007ff8602e9000 	C:\Program Files\Java\jdk1.8.0_221\jre\bin\java.dll
0x00007ff85a6f0000 - 0x00007ff85a713000 	C:\Program Files\Java\jdk1.8.0_221\jre\bin\instrument.dll
0x00007ff85a820000 - 0x00007ff85a836000 	C:\Program Files\Java\jdk1.8.0_221\jre\bin\zip.dll
0x00007ff874a40000 - 0x00007ff875125000 	C:\WINDOWS\System32\SHELL32.dll
0x00007ff875370000 - 0x00007ff875419000 	C:\WINDOWS\System32\shcore.dll
0x00007ff8729b0000 - 0x00007ff873130000 	C:\WINDOWS\System32\windows.storage.dll
0x00007ff8726e0000 - 0x00007ff872703000 	C:\WINDOWS\System32\profapi.dll
0x00007ff872670000 - 0x00007ff8726ba000 	C:\WINDOWS\System32\powrprof.dll
0x00007ff872660000 - 0x00007ff872670000 	C:\WINDOWS\System32\UMPDC.dll
0x00007ff873f70000 - 0x00007ff873fc2000 	C:\WINDOWS\System32\shlwapi.dll
0x00007ff8726c0000 - 0x00007ff8726d1000 	C:\WINDOWS\System32\kernel.appcore.dll
0x00007ff872730000 - 0x00007ff872747000 	C:\WINDOWS\System32\cryptsp.dll
0x00007ff8591b0000 - 0x00007ff8591ca000 	C:\Program Files\JetBrains\IntelliJ IDEA Community Edition 2020.1\bin\breakgen64.dll
0x00007ff857d80000 - 0x00007ff857d9a000 	C:\Program Files\Java\jdk1.8.0_221\jre\bin\net.dll
0x00007ff85ed80000 - 0x00007ff85ef55000 	C:\WINDOWS\SYSTEM32\urlmon.dll
0x00007ff85f2d0000 - 0x00007ff85f576000 	C:\WINDOWS\SYSTEM32\iertutil.dll
0x00007ff8720a0000 - 0x00007ff8720ac000 	C:\WINDOWS\SYSTEM32\CRYPTBASE.DLL
0x00007ff871e70000 - 0x00007ff871ed7000 	C:\WINDOWS\system32\mswsock.dll
0x00007fffee8b0000 - 0x00007fffef8ae000 	C:\Users\10660893\Downloads\acrcloud_sdk_java-master\acrcloud_sdk_java-master\windows\win64\libs-so\acrcloud_extr_tool.dll
0x00007ff870ef0000 - 0x00007ff8710e4000 	C:\WINDOWS\SYSTEM32\dbghelp.dll

VM Arguments:
jvm_args: -Djava.library.path=C:\Users\10660893\Downloads\acrcloud_sdk_java-master\acrcloud_sdk_java-master\windows\win64\libs-so -javaagent:C:\Program Files\JetBrains\IntelliJ IDEA Community Edition 2020.1\lib\idea_rt.jar=54220:C:\Program Files\JetBrains\IntelliJ IDEA Community Edition 2020.1\bin -Dfile.encoding=UTF-8 
java_command: com.acrcloud.demo.Test
java_class_path (initial): C:\Program Files\Java\jdk1.8.0_221\jre\lib\charsets.jar;C:\Program Files\Java\jdk1.8.0_221\jre\lib\deploy.jar;C:\Program Files\Java\jdk1.8.0_221\jre\lib\ext\access-bridge-64.jar;C:\Program Files\Java\jdk1.8.0_221\jre\lib\ext\cldrdata.jar;C:\Program Files\Java\jdk1.8.0_221\jre\lib\ext\dnsns.jar;C:\Program Files\Java\jdk1.8.0_221\jre\lib\ext\jaccess.jar;C:\Program Files\Java\jdk1.8.0_221\jre\lib\ext\jfxrt.jar;C:\Program Files\Java\jdk1.8.0_221\jre\lib\ext\localedata.jar;C:\Program Files\Java\jdk1.8.0_221\jre\lib\ext\nashorn.jar;C:\Program Files\Java\jdk1.8.0_221\jre\lib\ext\sunec.jar;C:\Program Files\Java\jdk1.8.0_221\jre\lib\ext\sunjce_provider.jar;C:\Program Files\Java\jdk1.8.0_221\jre\lib\ext\sunmscapi.jar;C:\Program Files\Java\jdk1.8.0_221\jre\lib\ext\sunpkcs11.jar;C:\Program Files\Java\jdk1.8.0_221\jre\lib\ext\zipfs.jar;C:\Program Files\Java\jdk1.8.0_221\jre\lib\javaws.jar;C:\Program Files\Java\jdk1.8.0_221\jre\lib\jce.jar;C:\Program Files\Java\jdk1.8.0_221\jre\lib\jfr.jar;C:\Program Files\Java\jdk1.8.0_221\jre\lib\jfxswt.jar;C:\Program Files\Java\jdk1.8.0_221\jre\lib\jsse.jar;C:\Program Files\Java\jdk1.8.0_221\jre\lib\management-agent.jar;C:\Program Files\Java\jdk1.8.0_221\jre\lib\plugin.jar;C:\Program Files\Java\jdk1.8.0_221\jre\lib\resources.jar;C:\Program Files\Java\jdk1.8.0_221\jre\lib\rt.jar;C:\Users\10660893\Documents\YTCM_Projects\ACRCloudSDKJavaDemo\out\production\ACRCloudSDKJavaDemo;C:\Users\10660893\Downloads\commons-codec-1.14.jar;C:\Users\10660893\Downloads\json-simple-1.1.1.jar;C:\Users\10660893\Downloads\gson-2.3.1.jar;C:\Program Files\JetBrains\IntelliJ IDEA Community Edition 2020.1\lib\idea_rt.jar
Launcher Type: SUN_STANDARD

Environment Variables:
PATH=C:\Program Files (x86)\Common Files\Oracle\Java\javapath;C:\Program Files\Common Files\Microsoft Shared\Microsoft Online Services;C:\Program Files (x86)\Common Files\Microsoft Shared\Microsoft Online Services;C:\WINDOWS\system32;C:\WINDOWS;C:\WINDOWS\System32\Wbem;C:\WINDOWS\System32\WindowsPowerShell\v1.0\;C:\WINDOWS\System32\OpenSSH\;C:\Program Files\TortoiseSVN\bin;C:\Program Files (x86)\Sennheiser\SoftphoneSDK\;C:\Program Files\Git\cmd;C:\Program Files\nodejs\;C:\Users\10660893\AppData\Local\Microsoft\WindowsApps;C:\Users\10660893\AppData\Local\GitHubDesktop\bin;C:\Users\10660893\ACRTool;;C:\Users\10660893\AppData\Local\Programs\Microsoft VS Code\bin
USERNAME=10660893
OS=Windows_NT
PROCESSOR_IDENTIFIER=Intel64 Family 6 Model 142 Stepping 12, GenuineIntel



---------------  S Y S T E M  ---------------

OS: Windows 10.0 , 64 bit Build 18362 (10.0.18362.329)

CPU:total 8 (initial active 8) (4 cores per cpu, 2 threads per core) family 6 model 142 stepping 12, cmov, cx8, fxsr, mmx, sse, sse2, sse3, ssse3, sse4.1, sse4.2, popcnt, avx, avx2, aes, clmul, erms, 3dnowpref, lzcnt, ht, tsc, tscinvbit, bmi1, bmi2, adx

Memory: 4k page, physical 16660612k(9166308k free), swap 19150980k(10536816k free)

vm_info: Java HotSpot(TM) 64-Bit Server VM (25.221-b11) for windows-amd64 JRE (1.8.0_221-b11), built on Jul  4 2019 04:39:29 by "java_re" with MS VC++ 10.0 (VS2010)

time: Sat May 30 23:44:58 2020
timezone: India Standard Time
elapsed time: 5 seconds (0d 0h 0m 5s)

